#
# A fatal error has been detected by the Java Runtime Environment:
#
#  SIGSEGV (0xb) at pc=0x000000010a1fefbf, pid=56524, tid=0x000000000000df93
#
# JRE version: OpenJDK Runtime Environment (8.0_222-b10) (build 1.8.0_222-b10)
# Java VM: OpenJDK 64-Bit Server VM (25.222-b10 mixed mode bsd-amd64 compressed oops)
# Problematic frame:
# C  [libawt_lwawt.dylib+0x1cfbf]  OGLSD_SetScratchSurface+0x49
#
# Failed to write core dump. Core dumps have been disabled. To enable core dumping, try "ulimit -c unlimited" before starting Java again
#
# If you would like to submit a bug report, please visit:
#   http://bugreport.java.com/bugreport/crash.jsp
# The crash happened outside the Java Virtual Machine in native code.
# See problematic frame for where to report the bug.
#

---------------  T H R E A D  ---------------

Current thread (0x00007fec7c05f000):  JavaThread "Java2D Queue Flusher" daemon [_thread_in_native, id=57235, stack(0x000070000347a000,0x000070000357a000)]

siginfo: si_signo: 11 (SIGSEGV), si_code: 1 (SEGV_MAPERR), si_addr: 0x0000000000000002

Registers:
RAX=0x00000000ffffffff, RBX=0x0000000000000002, RCX=0x0000000000000047, RDX=0x000000010a220ac4
RSP=0x0000700003579860, RBP=0x0000700003579880, RSI=0x00007fec796c7fe0, RDI=0x00007fec7c05f1e0
R8 =0x000000000000057e, R9 =0xffffffff00000000, R10=0x000000010e2294f8, R11=0x00000000edd60e24
R12=0x0000000000000000, R13=0x000000076eb10000, R14=0x00007fec7c05f1e0, R15=0x00007fec7c05f000
RIP=0x000000010a1fefbf, EFLAGS=0x0000000000010202, ERR=0x0000000000000004
  TRAPNO=0x000000000000000e

Top of Stack: (sp=0x0000700003579860)
0x0000700003579860:   00007fec796c7fe0 0000000000000000
0x0000700003579870:   00007fec7c0c3e10 00007fec7c05f000
0x0000700003579880:   0000700003579900 000000010a2205a2
0x0000700003579890:   00000000035799c8 000000012707d0a8
0x00007000035798a0:   0000000000000000 000000076eb10000
0x00007000035798b0:   00007000035798d0 0000000000000064
0x00007000035798c0:   00007fec7a847158 00007fec7c0c3e20
0x00007000035798d0:   00007fec0005f000 00007fec7c05f1e0
0x00007000035798e0:   000000012707d0a8 0000000000000000
0x00007000035798f0:   00007000035799c8 00007fec7c05f000
0x0000700003579900:   0000700003579950 000000010e22956a
0x0000700003579910:   000000076eb07120 0000000105b29692
0x0000700003579920:   0000000000000005 00007fec7c05f000
0x0000700003579930:   000000076eb10001 00007fec7b0661d0
0x0000700003579940:   0000700003579900 00007fec7c05f000
0x0000700003579950:   000000076eb10000 000000010e21fbfc
0x0000700003579960:   00007000035799c8 00007fec7c05f000
0x0000700003579970:   00007000035799c0 000000010e2c46e8
0x0000700003579980:   000000076eb10000 00007000035799c8
0x0000700003579990:   0000000126f7c050 0000000000000000
0x00007000035799a0:   0000000126f7bfe0 0000000000000000
0x00007000035799b0:   000000076eb07120 00000000ed9ef000
0x00007000035799c0:   000000076eb10000 000000010e1f6af4
0x00007000035799d0:   00000001082cf2a8 0000000000000000
0x00007000035799e0:   000000076eb10000 0000000000000000
0x00007000035799f0:   000000076eb10000 0000700003579a90
0x0000700003579a00:   0000000000000001 0000000000000000
0x0000700003579a10:   0000700003579a90 000000010e0344e7
0x0000700003579a20:   000000076f590000 000000076f590000
0x0000700003579a30:   0000700000001fa0 000000000000000a
0x0000700003579a40:   00007fec7c05f000 0000000000000001
0x0000700003579a50:   000000010e03445f 00000001082ce068 

Instructions: (pc=0x000000010a1fefbf)
0x000000010a1fef9f:   c0 e9 82 00 00 00 48 8b 5e 10 48 85 db 75 0e bf
0x000000010a1fefaf:   01 00 00 00 48 8d 15 de 96 03 00 eb d6 49 89 fe
0x000000010a1fefbf:   4c 8b 3b 30 c0 e8 17 bd 02 00 49 8b 3f 49 89 c4
0x000000010a1fefcf:   48 8b 35 8a 29 06 00 30 c0 e8 65 be 02 00 48 85 

Register to memory mapping:

RAX=0x00000000ffffffff is an unknown value
RBX=0x0000000000000002 is an unknown value
RCX=0x0000000000000047 is an unknown value
RDX=0x000000010a220ac4: Java_sun_java2d_opengl_OGLRenderQueue_flushBuffer+0xb5c in /Library/Java/JavaVirtualMachines/adoptopenjdk-8.jdk/Contents/Home/jre/lib/libawt_lwawt.dylib at 0x000000010a1e2000
RSP=0x0000700003579860 is pointing into the stack for thread: 0x00007fec7c05f000
RBP=0x0000700003579880 is pointing into the stack for thread: 0x00007fec7c05f000
RSI=0x00007fec796c7fe0 is an unknown value
RDI=0x00007fec7c05f1e0 is an unknown value
R8 =0x000000000000057e is an unknown value
R9 =0xffffffff00000000 is an unknown value
R10=0x000000010e2294f8 is at entry_point+56 in (nmethod*)0x000000010e229350
R11=0x00000000edd60e24 is an unknown value
R12=0x0000000000000000 is an unknown value
R13=0x000000076eb10000 is an oop
sun.java2d.opengl.OGLRenderQueue$QueueFlusher 
 - klass: 'sun/java2d/opengl/OGLRenderQueue$QueueFlusher'
R14=0x00007fec7c05f1e0 is an unknown value
R15=0x00007fec7c05f000 is a thread


Stack: [0x000070000347a000,0x000070000357a000],  sp=0x0000700003579860,  free space=1022k
Native frames: (J=compiled Java code, j=interpreted, Vv=VM code, C=native code)
C  [libawt_lwawt.dylib+0x1cfbf]  OGLSD_SetScratchSurface+0x49
C  [libawt_lwawt.dylib+0x3e5a2]  Java_sun_java2d_opengl_OGLRenderQueue_flushBuffer+0x63a
J 1145  sun.java2d.opengl.OGLRenderQueue.flushBuffer(JI)V (0 bytes) @ 0x000000010e22956a [0x000000010e2294c0+0xaa]
J 1117 C1 sun.java2d.opengl.OGLRenderQueue.flushBuffer()V (41 bytes) @ 0x000000010e21fbfc [0x000000010e21f9a0+0x25c]
J 1447% C2 sun.java2d.opengl.OGLRenderQueue$QueueFlusher.run()V (234 bytes) @ 0x000000010e1f6af4 [0x000000010e1f6860+0x294]
v  ~StubRoutines::call_stub
V  [libjvm.dylib+0x2e3233]  JavaCalls::call_helper(JavaValue*, methodHandle*, JavaCallArguments*, Thread*)+0x6a7
V  [libjvm.dylib+0x2e39da]  JavaCalls::call_virtual(JavaValue*, KlassHandle, Symbol*, Symbol*, JavaCallArguments*, Thread*)+0x164
V  [libjvm.dylib+0x2e3b86]  JavaCalls::call_virtual(JavaValue*, Handle, KlassHandle, Symbol*, Symbol*, Thread*)+0x4a
V  [libjvm.dylib+0x322538]  thread_entry(JavaThread*, Thread*)+0x7c
V  [libjvm.dylib+0x53fd15]  JavaThread::thread_main_inner()+0x9b
V  [libjvm.dylib+0x5413fe]  JavaThread::run()+0x1c0
V  [libjvm.dylib+0x463efa]  java_start(Thread*)+0xf6
C  [libsystem_pthread.dylib+0x6950]  _pthread_start+0xe0
C  [libsystem_pthread.dylib+0x247b]  thread_start+0xf
C  0x0000000000000000

Java frames: (J=compiled Java code, j=interpreted, Vv=VM code)
J 1145  sun.java2d.opengl.OGLRenderQueue.flushBuffer(JI)V (0 bytes) @ 0x000000010e2294f8 [0x000000010e2294c0+0x38]
J 1117 C1 sun.java2d.opengl.OGLRenderQueue.flushBuffer()V (41 bytes) @ 0x000000010e21fbfc [0x000000010e21f9a0+0x25c]
J 1447% C2 sun.java2d.opengl.OGLRenderQueue$QueueFlusher.run()V (234 bytes) @ 0x000000010e1f6af4 [0x000000010e1f6860+0x294]
v  ~StubRoutines::call_stub

---------------  P R O C E S S  ---------------

Java Threads: ( => current thread )
=>0x00007fec7c05f000 JavaThread "Java2D Queue Flusher" daemon [_thread_in_native, id=57235, stack(0x000070000347a000,0x000070000357a000)]
  0x00007fec7b9b8000 JavaThread "Java2D Disposer" daemon [_thread_blocked, id=37387, stack(0x0000700003377000,0x0000700003477000)]
  0x00007fec7a94c000 JavaThread "Thread-1" [_thread_blocked, id=29287, stack(0x0000700003274000,0x0000700003374000)]
  0x00007fec79905000 JavaThread "AWT-EventQueue-0" [_thread_blocked, id=29739, stack(0x00007000030eb000,0x00007000031eb000)]
  0x00007fec7983b800 JavaThread "AWT-Shutdown" [_thread_blocked, id=85779, stack(0x0000700002e5f000,0x0000700002f5f000)]
  0x00007fec7c0bb000 JavaThread "AppKit Thread" daemon [_thread_in_native, id=775, stack(0x00007ffeee00b000,0x00007ffeee80b000)]
  0x00007fec7b80f800 JavaThread "Service Thread" daemon [_thread_blocked, id=16643, stack(0x0000700002c59000,0x0000700002d59000)]
  0x00007fec7e809800 JavaThread "C1 CompilerThread3" daemon [_thread_blocked, id=16387, stack(0x0000700002b56000,0x0000700002c56000)]
  0x00007fec79824000 JavaThread "C2 CompilerThread2" daemon [_thread_blocked, id=15875, stack(0x0000700002a53000,0x0000700002b53000)]
  0x00007fec79823800 JavaThread "C2 CompilerThread1" daemon [_thread_blocked, id=15619, stack(0x0000700002950000,0x0000700002a50000)]
  0x00007fec7c023800 JavaThread "C2 CompilerThread0" daemon [_thread_blocked, id=15363, stack(0x000070000284d000,0x000070000294d000)]
  0x00007fec79822000 JavaThread "Signal Dispatcher" daemon [_thread_blocked, id=17923, stack(0x000070000274a000,0x000070000284a000)]
  0x00007fec7c015000 JavaThread "Finalizer" daemon [_thread_blocked, id=20483, stack(0x0000700002541000,0x0000700002641000)]
  0x00007fec7b80e800 JavaThread "Reference Handler" daemon [_thread_blocked, id=20739, stack(0x000070000243e000,0x000070000253e000)]
  0x00007fec7980a000 JavaThread "main" [_thread_in_native, id=3587, stack(0x0000700001a20000,0x0000700001b20000)]

Other Threads:
  0x00007fec7c014800 VMThread [stack: 0x000070000233b000,0x000070000243b000] [id=21251]
  0x00007fec7a84e000 WatcherThread [stack: 0x0000700002d5c000,0x0000700002e5c000] [id=43267]

VM state:not at safepoint (normal execution)

VM Mutex/Monitor currently owned by a thread: None

heap address: 0x00000006c0000000, size: 4096 MB, Compressed Oops mode: Zero based, Oop shift amount: 3
Narrow klass base: 0x0000000000000000, Narrow klass shift: 3
Compressed class space size: 1073741824 Address: 0x00000007c0000000

Heap:
 PSYoungGen      total 76288K, used 9720K [0x000000076ab00000, 0x0000000770000000, 0x00000007c0000000)
  eden space 65536K, 9% used [0x000000076ab00000,0x000000076b12e368,0x000000076eb00000)
  from space 10752K, 31% used [0x000000076eb00000,0x000000076ee50020,0x000000076f580000)
  to   space 10752K, 0% used [0x000000076f580000,0x000000076f580000,0x0000000770000000)
 ParOldGen       total 175104K, used 40K [0x00000006c0000000, 0x00000006cab00000, 0x000000076ab00000)
  object space 175104K, 0% used [0x00000006c0000000,0x00000006c000a000,0x00000006cab00000)
 Metaspace       used 10666K, capacity 11026K, committed 11136K, reserved 1058816K
  class space    used 1196K, capacity 1326K, committed 1408K, reserved 1048576K

Card table byte_map: [0x00000001066da000,0x0000000106edb000] byte_map_base: 0x00000001030da000

Marking Bits: (ParMarkBitMap*) 0x000000010609bfa0
 Begin Bits: [0x000000011d034000, 0x0000000121034000)
 End Bits:   [0x0000000121034000, 0x0000000125034000)

Polling page: 0x000000010146f000

CodeCache: size=245760Kb used=5534Kb max_used=5535Kb free=240225Kb
 bounds [0x000000010e034000, 0x000000010e5a4000, 0x000000011d034000]
 total_blobs=1988 nmethods=1504 adapters=398
 compilation: enabled

Compilation events (10 events):
Event: 494814.066 Thread 0x00007fec7e809800 1677   !   3       sun.reflect.GeneratedMethodAccessor15::invoke (73 bytes)
Event: 494814.067 Thread 0x00007fec7e809800 nmethod 1677 0x000000010e2a7d10 code [0x000000010e2a7f20, 0x000000010e2a86e8]
Event: 494814.159 Thread 0x00007fec7e809800 1678   !   3       java.lang.ref.Reference::tryHandlePending (115 bytes)
Event: 494814.160 Thread 0x00007fec7e809800 nmethod 1678 0x000000010e59c9d0 code [0x000000010e59cc00, 0x000000010e59d8c8]
Event: 494814.160 Thread 0x00007fec7e809800 1679   !   3       java.lang.ref.ReferenceQueue::enqueue (119 bytes)
Event: 494814.161 Thread 0x00007fec7e809800 nmethod 1679 0x000000010e2c17d0 code [0x000000010e2c1980, 0x000000010e2c2108]
Event: 494814.226 Thread 0x00007fec7e809800 1680  s    3       sun.java2d.loops.TransformHelper::getFromCache (43 bytes)
Event: 494814.227 Thread 0x00007fec7e809800 nmethod 1680 0x000000010e59ddd0 code [0x000000010e59dfa0, 0x000000010e59e788]
Event: 494814.227 Thread 0x00007fec7e809800 1681       3       sun.java2d.loops.MaskBlit::getFromCache (132 bytes)
Event: 494814.230 Thread 0x00007fec7e809800 nmethod 1681 0x000000010e59e990 code [0x000000010e59edc0, 0x000000010e5a1778]

GC Heap History (6 events):
Event: 63.756 GC heap before
{Heap before GC invocations=1 (full 0):
 PSYoungGen      total 76288K, used 65536K [0x000000076ab00000, 0x0000000770000000, 0x00000007c0000000)
  eden space 65536K, 100% used [0x000000076ab00000,0x000000076eb00000,0x000000076eb00000)
  from space 10752K, 0% used [0x000000076f580000,0x000000076f580000,0x0000000770000000)
  to   space 10752K, 0% used [0x000000076eb00000,0x000000076eb00000,0x000000076f580000)
 ParOldGen       total 175104K, used 0K [0x00000006c0000000, 0x00000006cab00000, 0x000000076ab00000)
  object space 175104K, 0% used [0x00000006c0000000,0x00000006c0000000,0x00000006cab00000)
 Metaspace       used 9866K, capacity 10194K, committed 10368K, reserved 1058816K
  class space    used 1173K, capacity 1290K, committed 1408K, reserved 1048576K
Event: 63.761 GC heap after
Heap after GC invocations=1 (full 0):
 PSYoungGen      total 76288K, used 5920K [0x000000076ab00000, 0x0000000770000000, 0x00000007c0000000)
  eden space 65536K, 0% used [0x000000076ab00000,0x000000076ab00000,0x000000076eb00000)
  from space 10752K, 55% used [0x000000076eb00000,0x000000076f0c8270,0x000000076f580000)
  to   space 10752K, 0% used [0x000000076f580000,0x000000076f580000,0x0000000770000000)
 ParOldGen       total 175104K, used 16K [0x00000006c0000000, 0x00000006cab00000, 0x000000076ab00000)
  object space 175104K, 0% used [0x00000006c0000000,0x00000006c0004000,0x00000006cab00000)
 Metaspace       used 9866K, capacity 10194K, committed 10368K, reserved 1058816K
  class space    used 1173K, capacity 1290K, committed 1408K, reserved 1048576K
}
Event: 367.236 GC heap before
{Heap before GC invocations=2 (full 0):
 PSYoungGen      total 76288K, used 71456K [0x000000076ab00000, 0x0000000770000000, 0x00000007c0000000)
  eden space 65536K, 100% used [0x000000076ab00000,0x000000076eb00000,0x000000076eb00000)
  from space 10752K, 55% used [0x000000076eb00000,0x000000076f0c8270,0x000000076f580000)
  to   space 10752K, 0% used [0x000000076f580000,0x000000076f580000,0x0000000770000000)
 ParOldGen       total 175104K, used 16K [0x00000006c0000000, 0x00000006cab00000, 0x000000076ab00000)
  object space 175104K, 0% used [0x00000006c0000000,0x00000006c0004000,0x00000006cab00000)
 Metaspace       used 9903K, capacity 10258K, committed 10624K, reserved 1058816K
  class space    used 1173K, capacity 1290K, committed 1408K, reserved 1048576K
Event: 367.240 GC heap after
Heap after GC invocations=2 (full 0):
 PSYoungGen      total 76288K, used 5168K [0x000000076ab00000, 0x0000000770000000, 0x00000007c0000000)
  eden space 65536K, 0% used [0x000000076ab00000,0x000000076ab00000,0x000000076eb00000)
  from space 10752K, 48% used [0x000000076f580000,0x000000076fa8c050,0x0000000770000000)
  to   space 10752K, 0% used [0x000000076eb00000,0x000000076eb00000,0x000000076f580000)
 ParOldGen       total 175104K, used 24K [0x00000006c0000000, 0x00000006cab00000, 0x000000076ab00000)
  object space 175104K, 0% used [0x00000006c0000000,0x00000006c0006000,0x00000006cab00000)
 Metaspace       used 9903K, capacity 10258K, committed 10624K, reserved 1058816K
  class space    used 1173K, capacity 1290K, committed 1408K, reserved 1048576K
}
Event: 494814.093 GC heap before
{Heap before GC invocations=3 (full 0):
 PSYoungGen      total 76288K, used 70704K [0x000000076ab00000, 0x0000000770000000, 0x00000007c0000000)
  eden space 65536K, 100% used [0x000000076ab00000,0x000000076eb00000,0x000000076eb00000)
  from space 10752K, 48% used [0x000000076f580000,0x000000076fa8c050,0x0000000770000000)
  to   space 10752K, 0% used [0x000000076eb00000,0x000000076eb00000,0x000000076f580000)
 ParOldGen       total 175104K, used 24K [0x00000006c0000000, 0x00000006cab00000, 0x000000076ab00000)
  object space 175104K, 0% used [0x00000006c0000000,0x00000006c0006000,0x00000006cab00000)
 Metaspace       used 10662K, capacity 11026K, committed 11136K, reserved 1058816K
  class space    used 1196K, capacity 1326K, committed 1408K, reserved 1048576K
Event: 494814.157 GC heap after
Heap after GC invocations=3 (full 0):
 PSYoungGen      total 76288K, used 3392K [0x000000076ab00000, 0x0000000770000000, 0x00000007c0000000)
  eden space 65536K, 0% used [0x000000076ab00000,0x000000076ab00000,0x000000076eb00000)
  from space 10752K, 31% used [0x000000076eb00000,0x000000076ee50020,0x000000076f580000)
  to   space 10752K, 0% used [0x000000076f580000,0x000000076f580000,0x0000000770000000)
 ParOldGen       total 175104K, used 40K [0x00000006c0000000, 0x00000006cab00000, 0x000000076ab00000)
  object space 175104K, 0% used [0x00000006c0000000,0x00000006c000a000,0x00000006cab00000)
 Metaspace       used 10662K, capacity 11026K, committed 11136K, reserved 1058816K
  class space    used 1196K, capacity 1326K, committed 1408K, reserved 1048576K
}

Deoptimization events (10 events):
Event: 36213.450 Thread 0x00007fec7c0bb000 Uncommon trap: reason=unstable_if action=reinterpret pc=0x000000010e3ce7a4 method=java.util.concurrent.locks.ReentrantLock$Sync.tryRelease(I)Z @ 28
Event: 426889.060 Thread 0x00007fec7a94c000 Uncommon trap: reason=unstable_if action=reinterpret pc=0x000000010e484e40 method=Picture$2.run()V @ 13
Event: 430950.365 Thread 0x00007fec7980a000 Uncommon trap: reason=unstable_if action=reinterpret pc=0x000000010e39e8c8 method=Env.lambdaBind(Ljava/lang/Object;LList;LEnv;)LEnv; @ 13
Event: 430978.412 Thread 0x00007fec7c05f000 Uncommon trap: reason=unstable_if action=reinterpret pc=0x000000010e49d3cc method=sun.java2d.opengl.OGLRenderQueue$QueueFlusher.run()V @ 47
Event: 431190.844 Thread 0x00007fec7980a000 Uncommon trap: reason=unstable_if action=reinterpret pc=0x000000010e3588a4 method=Symbol.functionOf()Ljava/lang/Object; @ 12
Event: 431190.845 Thread 0x00007fec7980a000 Uncommon trap: reason=unloaded action=reinterpret pc=0x000000010e360e54 method=Lambda.invoke0(LList;)Ljava/lang/Object; @ 95
Event: 491118.560 Thread 0x00007fec79905000 Uncommon trap: reason=unstable_if action=reinterpret pc=0x000000010e2dc050 method=java.awt.Container.findComponentAtImpl(IIZ)Ljava/awt/Component; @ 6
Event: 492246.807 Thread 0x00007fec7980a000 Uncommon trap: reason=uninitialized action=reinterpret pc=0x000000010e3cd22c method=Subr.invoke0(LList;)Ljava/lang/Object; @ 231
Event: 494759.013 Thread 0x00007fec7980a000 Uncommon trap: reason=class_check action=maybe_recompile pc=0x000000010e37a684 method=Eval.evalBody(LList;LEnv;)Ljava/lang/Object; @ 19
Event: 494814.066 Thread 0x00007fec7980a000 Uncommon trap: reason=class_check action=maybe_recompile pc=0x000000010e37a684 method=Eval.evalBody(LList;LEnv;)Ljava/lang/Object; @ 19

Classes redefined (0 events):
No events

Internal exceptions (10 events):
Event: 0.143 Thread 0x00007fec7980a000 Exception <a 'java/lang/NoSuchFieldError': method resolution failed> (0x000000076ae2de08) thrown at [/Users/jenkins/workspace/build-scripts/jobs/jdk8u/jdk8u-mac-x64-hotspot/workspace/build/src/hotspot/src/share/vm/prims/methodHandles.cpp, line 1167]
Event: 0.373 Thread 0x00007fec7980a000 Exception <a 'java/io/FileNotFoundException'> (0x000000076aeaa908) thrown at [/Users/jenkins/workspace/build-scripts/jobs/jdk8u/jdk8u-mac-x64-hotspot/workspace/build/src/hotspot/src/share/vm/prims/jni.cpp, line 710]
Event: 0.373 Thread 0x00007fec7980a000 Exception <a 'java/io/FileNotFoundException'> (0x000000076aeab4c0) thrown at [/Users/jenkins/workspace/build-scripts/jobs/jdk8u/jdk8u-mac-x64-hotspot/workspace/build/src/hotspot/src/share/vm/prims/jni.cpp, line 710]
Event: 11.931 Thread 0x00007fec7980a000 Exception <a 'java/lang/ClassNotFoundException': sun/dc/DuctusRenderingEngine> (0x000000076bcc2ba0) thrown at [/Users/jenkins/workspace/build-scripts/jobs/jdk8u/jdk8u-mac-x64-hotspot/workspace/build/src/hotspot/src/share/vm/classfile/systemDictionary.cpp,
Event: 11.931 Thread 0x00007fec79905000 Exception <a 'java/io/FileNotFoundException'> (0x000000076bab4050) thrown at [/Users/jenkins/workspace/build-scripts/jobs/jdk8u/jdk8u-mac-x64-hotspot/workspace/build/src/hotspot/src/share/vm/prims/jni.cpp, line 710]
Event: 11.994 Thread 0x00007fec79905000 Implicit null exception at 0x000000010e21ec75 to 0x000000010e21f041
Event: 11.994 Thread 0x00007fec79905000 Implicit null exception at 0x000000010e208ab4 to 0x000000010e208ee9
Event: 63.762 Thread 0x00007fec7c015000 Exception <a 'java/lang/NullPointerException'> (0x000000076ad6f538) thrown at [/Users/jenkins/workspace/build-scripts/jobs/jdk8u/jdk8u-mac-x64-hotspot/workspace/build/src/hotspot/src/share/vm/interpreter/linkResolver.cpp, line 1185]
Event: 546.401 Thread 0x00007fec7980a000 Implicit null exception at 0x000000010e3508e9 to 0x000000010e3510d9
Event: 546.401 Thread 0x00007fec7980a000 Implicit null exception at 0x000000010e365866 to 0x000000010e3659a5

Events (10 events):
Event: 494814.163 Executing VM operation: RevokeBias
Event: 494814.163 Executing VM operation: RevokeBias done
Event: 494814.163 Executing VM operation: RevokeBias
Event: 494814.163 Executing VM operation: RevokeBias done
Event: 494814.163 Executing VM operation: RevokeBias
Event: 494814.163 Executing VM operation: RevokeBias done
Event: 494814.174 Executing VM operation: RevokeBias
Event: 494814.174 Executing VM operation: RevokeBias done
Event: 494814.227 Thread 0x00007fec7e809800 flushing nmethod 0x000000010e3c8210
Event: 494814.230 Thread 0x00007fec7e809800 flushing nmethod 0x000000010e3c8610


Dynamic libraries:
0x00007fff34f11000 	/System/Library/Frameworks/Cocoa.framework/Versions/A/Cocoa
0x00007fff221cc000 	/System/Library/Frameworks/Security.framework/Versions/A/Security
0x00007fff33160000 	/System/Library/Frameworks/ApplicationServices.framework/Versions/A/ApplicationServices
0x00007fff2a439000 	/usr/lib/libz.1.dylib
0x00007fff2a501000 	/usr/lib/libSystem.B.dylib
0x00007fff201b6000 	/usr/lib/libobjc.A.dylib
0x00007fff21140000 	/System/Library/Frameworks/Foundation.framework/Versions/C/Foundation
0x00007fff20396000 	/System/Library/Frameworks/CoreFoundation.framework/Versions/A/CoreFoundation
0x00007fff22bf0000 	/System/Library/Frameworks/AppKit.framework/Versions/C/AppKit
0x00007fff25a79000 	/System/Library/Frameworks/CoreData.framework/Versions/A/CoreData
0x00007fff2394d000 	/System/Library/PrivateFrameworks/UIFoundation.framework/Versions/A/UIFoundation
0x00007fff2fb43000 	/System/Library/PrivateFrameworks/RemoteViewServices.framework/Versions/A/RemoteViewServices
0x00007fff28965000 	/System/Library/PrivateFrameworks/XCTTargetBootstrap.framework/Versions/A/XCTTargetBootstrap
0x00007fff2b640000 	/usr/lib/libspindump.dylib
0x00007fff23ba1000 	/System/Library/Frameworks/UniformTypeIdentifiers.framework/Versions/A/UniformTypeIdentifiers
0x00007fff27137000 	/usr/lib/libapp_launch_measurement.dylib
0x00007fff2713a000 	/System/Library/PrivateFrameworks/CoreAutoLayout.framework/Versions/A/CoreAutoLayout
0x00007fff282c6000 	/System/Library/Frameworks/Metal.framework/Versions/A/Metal
0x00007fff28fb4000 	/usr/lib/liblangid.dylib
0x00007fff28969000 	/System/Library/PrivateFrameworks/CoreSVG.framework/Versions/A/CoreSVG
0x00007fff24b88000 	/System/Library/PrivateFrameworks/SkyLight.framework/Versions/A/SkyLight
0x00007fff24ee7000 	/System/Library/Frameworks/CoreGraphics.framework/Versions/A/CoreGraphics
0x00007fff3019a000 	/System/Library/Frameworks/Accelerate.framework/Versions/A/Accelerate
0x00007fff2b07b000 	/System/Library/PrivateFrameworks/IconServices.framework/Versions/A/IconServices
0x00007fff282a7000 	/System/Library/Frameworks/IOSurface.framework/Versions/A/IOSurface
0x00007fff26401000 	/usr/lib/libDiagnosticMessagesClient.dylib
0x00007fff28951000 	/System/Library/PrivateFrameworks/DFRFoundation.framework/Versions/A/DFRFoundation
0x00007fff2251c000 	/usr/lib/libicucore.A.dylib
0x00007fff2cb7d000 	/System/Library/Frameworks/AudioToolbox.framework/Versions/A/AudioToolbox
0x00007fff2be28000 	/System/Library/PrivateFrameworks/DataDetectorsCore.framework/Versions/A/DataDetectorsCore
0x00007fff28651000 	/System/Library/Frameworks/Carbon.framework/Versions/A/Frameworks/HIToolbox.framework/Versions/A/HIToolbox
0x00007fff26b9a000 	/System/Library/Frameworks/QuartzCore.framework/Versions/A/QuartzCore
0x00007fff2fb7f000 	/System/Library/Frameworks/Carbon.framework/Versions/A/Frameworks/SpeechRecognition.framework/Versions/A/SpeechRecognition
0x00007fff26e9f000 	/System/Library/PrivateFrameworks/CoreUI.framework/Versions/A/CoreUI
0x00007fff21b28000 	/System/Library/Frameworks/CoreAudio.framework/Versions/A/CoreAudio
0x00007fff264ec000 	/System/Library/Frameworks/DiskArbitration.framework/Versions/A/DiskArbitration
0x00007fff2ba39000 	/System/Library/PrivateFrameworks/MultitouchSupport.framework/Versions/A/MultitouchSupport
0x00007fff2be1f000 	/System/Library/PrivateFrameworks/InternationalSupport.framework/Versions/A/InternationalSupport
0x00007fff24afc000 	/usr/lib/libenergytrace.dylib
0x00007fff22aea000 	/System/Library/Frameworks/IOKit.framework/Versions/A/IOKit
0x00007fff2fecc000 	/System/Library/Frameworks/CoreServices.framework/Versions/A/CoreServices
0x00007fff270cd000 	/System/Library/PrivateFrameworks/PerformanceAnalysis.framework/Versions/A/PerformanceAnalysis
0x00007fff6b3b4000 	/System/Library/Frameworks/OpenGL.framework/Versions/A/OpenGL
0x00007fff2bea4000 	/System/Library/PrivateFrameworks/UserActivity.framework/Versions/A/UserActivity
0x00007fff2557b000 	/System/Library/Frameworks/ColorSync.framework/Versions/A/ColorSync
0x00007fff28bcd000 	/System/Library/Frameworks/CoreImage.framework/Versions/A/CoreImage
0x00007fff2193e000 	/System/Library/Frameworks/CoreText.framework/Versions/A/CoreText
0x00007fff28993000 	/System/Library/Frameworks/ImageIO.framework/Versions/A/ImageIO
0x00007fff2a507000 	/System/Library/PrivateFrameworks/SoftLinking.framework/Versions/A/SoftLinking
0x00007fff27183000 	/usr/lib/libxml2.2.dylib
0x00007fff2027b000 	/usr/lib/libc++.1.dylib
0x00007fff2a779000 	/usr/lib/libcompression.dylib
0x00007fff24afd000 	/usr/lib/libMobileGestalt.dylib
0x00007fff2bd52000 	/System/Library/PrivateFrameworks/TextureIO.framework/Versions/A/TextureIO
0x00007fff2ad9f000 	/usr/lib/libate.dylib
0x00007fff2a4fb000 	/usr/lib/system/libcache.dylib
0x00007fff2a4b7000 	/usr/lib/system/libcommonCrypto.dylib
0x00007fff2a4e1000 	/usr/lib/system/libcompiler_rt.dylib
0x00007fff2a4d6000 	/usr/lib/system/libcopyfile.dylib
0x00007fff200a8000 	/usr/lib/system/libcorecrypto.dylib
0x00007fff20171000 	/usr/lib/system/libdispatch.dylib
0x00007fff20325000 	/usr/lib/system/libdyld.dylib
0x00007fff2a4f2000 	/usr/lib/system/libkeymgr.dylib
0x00007fff2d92c000 	/usr/lib/system/liblaunch.dylib
0x00007fff2a495000 	/usr/lib/system/libmacho.dylib
0x00007fff29cb0000 	/usr/lib/system/libquarantine.dylib
0x00007fff2a4ef000 	/usr/lib/system/libremovefile.dylib
0x00007fff24b59000 	/usr/lib/system/libsystem_asl.dylib
0x00007fff20058000 	/usr/lib/system/libsystem_blocks.dylib
0x00007fff201f2000 	/usr/lib/system/libsystem_c.dylib
0x00007fff2a4e9000 	/usr/lib/system/libsystem_collections.dylib
0x00007fff28fa5000 	/usr/lib/system/libsystem_configuration.dylib
0x00007fff28296000 	/usr/lib/system/libsystem_containermanager.dylib
0x00007fff2a231000 	/usr/lib/system/libsystem_coreservices.dylib
0x00007fff2277e000 	/usr/lib/system/libsystem_darwin.dylib
0x00007fff2a4f3000 	/usr/lib/system/libsystem_dnssd.dylib
0x00007fff201ef000 	/usr/lib/system/libsystem_featureflags.dylib
0x00007fff2036a000 	/usr/lib/system/libsystem_info.dylib
0x00007fff2a44c000 	/usr/lib/system/libsystem_m.dylib
0x00007fff20144000 	/usr/lib/system/libsystem_malloc.dylib
0x00007fff24aed000 	/usr/lib/system/libsystem_networkextension.dylib
0x00007fff22b98000 	/usr/lib/system/libsystem_notify.dylib
0x00007fff2fdca000 	/usr/lib/system/libsystem_product_info_filter.dylib
0x00007fff28fa9000 	/usr/lib/system/libsystem_sandbox.dylib
0x00007fff2a4ec000 	/usr/lib/system/libsystem_secinit.dylib
0x00007fff202ea000 	/usr/lib/system/libsystem_kernel.dylib
0x00007fff20360000 	/usr/lib/system/libsystem_platform.dylib
0x00007fff20319000 	/usr/lib/system/libsystem_pthread.dylib
0x00007fff2624f000 	/usr/lib/system/libsystem_symptoms.dylib
0x00007fff20090000 	/usr/lib/system/libsystem_trace.dylib
0x00007fff2a4c3000 	/usr/lib/system/libunwind.dylib
0x00007fff2005a000 	/usr/lib/system/libxpc.dylib
0x00007fff202d1000 	/usr/lib/libc++abi.dylib
0x00007fff2a4ce000 	/usr/lib/liboah.dylib
0x00007fff2ab84000 	/usr/lib/liblzma.5.dylib
0x00007fff20e56000 	/System/Library/Frameworks/SystemConfiguration.framework/Versions/A/SystemConfiguration
0x00007fff2a503000 	/usr/lib/libfakelink.dylib
0x00007fff2464f000 	/System/Library/Frameworks/CFNetwork.framework/Versions/A/CFNetwork
0x00007fff2a643000 	/usr/lib/libarchive.2.dylib
0x00007fff20ed3000 	/usr/lib/libCRFSuite.dylib
0x00007fff29cd7000 	/usr/lib/libbsm.0.dylib
0x00007fff2400b000 	/usr/lib/libnetwork.dylib
0x00007fff2a508000 	/usr/lib/libpcap.A.dylib
0x00007fff26248000 	/usr/lib/libdns_services.dylib
0x00007fff2ab9d000 	/usr/lib/libcoretls_cfhelpers.dylib
0x00007fff2a747000 	/usr/lib/libapple_nghttp2.dylib
0x00007fff2a49b000 	/usr/lib/system/libkxld.dylib
0x00007fff25eae000 	/usr/lib/libsqlite3.dylib
0x00007fff2a213000 	/System/Library/PrivateFrameworks/AppleFSCompression.framework/Versions/A/AppleFSCompression
0x00007fff29cbf000 	/usr/lib/libcoretls.dylib
0x00007fff2a774000 	/usr/lib/libpam.2.dylib
0x00007fff2ac9a000 	/usr/lib/libxar.1.dylib
0x00007fff28fb0000 	/System/Library/PrivateFrameworks/AppleSystemInfo.framework/Versions/A/AppleSystemInfo
0x00007fff29902000 	/System/Library/PrivateFrameworks/IOMobileFramebuffer.framework/Versions/A/IOMobileFramebuffer
0x00007fff2a223000 	/usr/lib/libbz2.1.0.dylib
0x00007fff2a540000 	/usr/lib/libiconv.2.dylib
0x00007fff2a494000 	/usr/lib/libcharset.1.dylib
0x00007fff27109000 	/System/Library/Frameworks/CoreServices.framework/Versions/A/Frameworks/FSEvents.framework/Versions/A/FSEvents
0x00007fff22788000 	/System/Library/Frameworks/CoreServices.framework/Versions/A/Frameworks/CarbonCore.framework/Versions/A/CarbonCore
0x00007fff26451000 	/System/Library/Frameworks/CoreServices.framework/Versions/A/Frameworks/Metadata.framework/Versions/A/Metadata
0x00007fff2a236000 	/System/Library/Frameworks/CoreServices.framework/Versions/A/Frameworks/OSServices.framework/Versions/A/OSServices
0x00007fff2a6b5000 	/System/Library/Frameworks/CoreServices.framework/Versions/A/Frameworks/SearchKit.framework/Versions/A/SearchKit
0x00007fff261d2000 	/System/Library/Frameworks/CoreServices.framework/Versions/A/Frameworks/AE.framework/Versions/A/AE
0x00007fff20832000 	/System/Library/Frameworks/CoreServices.framework/Versions/A/Frameworks/LaunchServices.framework/Versions/A/LaunchServices
0x00007fff2ab35000 	/System/Library/Frameworks/CoreServices.framework/Versions/A/Frameworks/DictionaryServices.framework/Versions/A/DictionaryServices
0x00007fff27112000 	/System/Library/Frameworks/CoreServices.framework/Versions/A/Frameworks/SharedFileList.framework/Versions/A/SharedFileList
0x00007fff29cb3000 	/usr/lib/libCheckFix.dylib
0x00007fff24b70000 	/System/Library/PrivateFrameworks/TCC.framework/Versions/A/TCC
0x00007fff28fb6000 	/System/Library/PrivateFrameworks/CoreNLP.framework/Versions/A/CoreNLP
0x00007fff26404000 	/System/Library/PrivateFrameworks/MetadataUtilities.framework/Versions/A/MetadataUtilities
0x00007fff20f09000 	/usr/lib/libmecabra.dylib
0x00007fff29fc6000 	/System/Library/Frameworks/MLCompute.framework/Versions/A/MLCompute
0x00007fff29ce8000 	/usr/lib/libmecab.dylib
0x00007fff29d32000 	/usr/lib/libgermantok.dylib
0x00007fff2a71d000 	/usr/lib/libThaiTokenizer.dylib
0x00007fff2acd5000 	/usr/lib/libChineseTokenizer.dylib
0x00007fff2a772000 	/System/Library/Frameworks/MetalPerformanceShaders.framework/Versions/A/MetalPerformanceShaders
0x00007fff264f3000 	/System/Library/Frameworks/Accelerate.framework/Versions/A/Frameworks/vImage.framework/Versions/A/vImage
0x00007fff2fea5000 	/System/Library/Frameworks/Accelerate.framework/Versions/A/Frameworks/vecLib.framework/Versions/A/vecLib
0x00007fff2ace0000 	/System/Library/Frameworks/Accelerate.framework/Versions/A/Frameworks/vecLib.framework/Versions/A/libvMisc.dylib
0x00007fff2971b000 	/System/Library/Frameworks/Accelerate.framework/Versions/A/Frameworks/vecLib.framework/Versions/A/libvDSP.dylib
0x00007fff20b35000 	/System/Library/Frameworks/Accelerate.framework/Versions/A/Frameworks/vecLib.framework/Versions/A/libBLAS.dylib
0x00007fff2a798000 	/System/Library/Frameworks/Accelerate.framework/Versions/A/Frameworks/vecLib.framework/Versions/A/libLAPACK.dylib
0x00007fff29d38000 	/System/Library/Frameworks/Accelerate.framework/Versions/A/Frameworks/vecLib.framework/Versions/A/libLinearAlgebra.dylib
0x00007fff2a75f000 	/System/Library/Frameworks/Accelerate.framework/Versions/A/Frameworks/vecLib.framework/Versions/A/libSparseBLAS.dylib
0x00007fff2a792000 	/System/Library/Frameworks/Accelerate.framework/Versions/A/Frameworks/vecLib.framework/Versions/A/libQuadrature.dylib
0x00007fff2905e000 	/System/Library/Frameworks/Accelerate.framework/Versions/A/Frameworks/vecLib.framework/Versions/A/libBNNS.dylib
0x00007fff20de7000 	/System/Library/Frameworks/Accelerate.framework/Versions/A/Frameworks/vecLib.framework/Versions/A/libSparse.dylib
0x00007fff28f49000 	/System/Library/Frameworks/MetalPerformanceShaders.framework/Versions/A/Frameworks/MPSCore.framework/Versions/A/MPSCore
0x00007fff2a182000 	/System/Library/Frameworks/MetalPerformanceShaders.framework/Versions/A/Frameworks/MPSImage.framework/Versions/A/MPSImage
0x00007fff29d4e000 	/System/Library/Frameworks/MetalPerformanceShaders.framework/Versions/A/Frameworks/MPSNeuralNetwork.framework/Versions/A/MPSNeuralNetwork
0x00007fff2a10d000 	/System/Library/Frameworks/MetalPerformanceShaders.framework/Versions/A/Frameworks/MPSMatrix.framework/Versions/A/MPSMatrix
0x00007fff29f76000 	/System/Library/Frameworks/MetalPerformanceShaders.framework/Versions/A/Frameworks/MPSRayIntersector.framework/Versions/A/MPSRayIntersector
0x00007fff2a144000 	/System/Library/Frameworks/MetalPerformanceShaders.framework/Versions/A/Frameworks/MPSNDArray.framework/Versions/A/MPSNDArray
0x00007fff20a61000 	/System/Library/PrivateFrameworks/MetalTools.framework/Versions/A/MetalTools
0x00007fff28fae000 	/System/Library/PrivateFrameworks/AggregateDictionary.framework/Versions/A/AggregateDictionary
0x00007fff263dc000 	/System/Library/PrivateFrameworks/CoreAnalytics.framework/Versions/A/CoreAnalytics
0x00007fff2a71f000 	/System/Library/PrivateFrameworks/AppleSauce.framework/Versions/A/AppleSauce
0x00007fff282b9000 	/System/Library/PrivateFrameworks/IOAccelerator.framework/Versions/A/IOAccelerator
0x00007fff6b3a8000 	/System/Library/Frameworks/OpenGL.framework/Versions/A/Libraries/libCoreFSCache.dylib
0x00007fff214a4000 	/System/Library/PrivateFrameworks/LanguageModeling.framework/Versions/A/LanguageModeling
0x00007fff298ef000 	/System/Library/PrivateFrameworks/CoreEmoji.framework/Versions/A/CoreEmoji
0x00007fff29057000 	/System/Library/PrivateFrameworks/LinguisticData.framework/Versions/A/LinguisticData
0x00007fff20d99000 	/System/Library/PrivateFrameworks/Lexicon.framework/Versions/A/Lexicon
0x00007fff2a631000 	/usr/lib/libcmph.dylib
0x00007fff270e9000 	/System/Library/Frameworks/OpenDirectory.framework/Versions/A/Frameworks/CFOpenDirectory.framework/Versions/A/CFOpenDirectory
0x00007fff270d9000 	/System/Library/Frameworks/OpenDirectory.framework/Versions/A/OpenDirectory
0x00007fff2ab9f000 	/System/Library/PrivateFrameworks/APFS.framework/Versions/A/APFS
0x00007fff29c14000 	/System/Library/Frameworks/SecurityFoundation.framework/Versions/A/SecurityFoundation
0x00007fff2aca8000 	/usr/lib/libutil.dylib
0x00007fff22aaf000 	/System/Library/PrivateFrameworks/CoreServicesStore.framework/Versions/A/CoreServicesStore
0x00007fff29cab000 	/System/Library/Frameworks/ServiceManagement.framework/Versions/A/ServiceManagement
0x00007fff2acac000 	/usr/lib/libxslt.1.dylib
0x00007fff29ca1000 	/System/Library/PrivateFrameworks/BackgroundTaskManagement.framework/Versions/A/BackgroundTaskManagement
0x00007fff2bc9c000 	/System/Library/Frameworks/ImageIO.framework/Versions/A/Resources/libRadiance.dylib
0x00007fff2bca6000 	/System/Library/Frameworks/ImageIO.framework/Versions/A/Resources/libJPEG.dylib
0x00007fff2bbf3000 	/System/Library/Frameworks/ImageIO.framework/Versions/A/Resources/libPng.dylib
0x00007fff2bc1a000 	/System/Library/Frameworks/ImageIO.framework/Versions/A/Resources/libTIFF.dylib
0x00007fff2bcfb000 	/System/Library/Frameworks/ImageIO.framework/Versions/A/Resources/libGIF.dylib
0x00007fff2b956000 	/System/Library/Frameworks/ImageIO.framework/Versions/A/Resources/libJP2.dylib
0x00007fff2b042000 	/usr/lib/libexpat.1.dylib
0x00007fff2b90c000 	/System/Library/PrivateFrameworks/AppleJPEG.framework/Versions/A/AppleJPEG
0x00007fff284f4000 	/System/Library/PrivateFrameworks/FontServices.framework/libFontParser.dylib
0x00007fff26186000 	/System/Library/PrivateFrameworks/RunningBoardServices.framework/Versions/A/RunningBoardServices
0x00007fff2ba35000 	/System/Library/PrivateFrameworks/WatchdogClient.framework/Versions/A/WatchdogClient
0x00007fff21591000 	/System/Library/Frameworks/CoreDisplay.framework/Versions/A/CoreDisplay
0x00007fff28409000 	/System/Library/Frameworks/CoreMedia.framework/Versions/A/CoreMedia
0x00007fff27266000 	/System/Library/Frameworks/CoreVideo.framework/Versions/A/CoreVideo
0x00007fff2ba6d000 	/System/Library/Frameworks/VideoToolbox.framework/Versions/A/VideoToolbox
0x00007fff26104000 	/System/Library/PrivateFrameworks/BaseBoard.framework/Versions/A/BaseBoard
0x00007fff2b187000 	/System/Library/PrivateFrameworks/PersistentConnection.framework/Versions/A/PersistentConnection
0x00007fff25e97000 	/System/Library/PrivateFrameworks/ProtocolBuffer.framework/Versions/A/ProtocolBuffer
0x00007fff260eb000 	/System/Library/PrivateFrameworks/CommonUtilities.framework/Versions/A/CommonUtilities
0x00007fff2b8a1000 	/System/Library/PrivateFrameworks/Bom.framework/Versions/A/Bom
0x00007fff2bc95000 	/System/Library/PrivateFrameworks/GPUWrangler.framework/Versions/A/GPUWrangler
0x00007fff2bc78000 	/System/Library/PrivateFrameworks/IOPresentment.framework/Versions/A/IOPresentment
0x00007fff2bca0000 	/System/Library/PrivateFrameworks/DSExternalDisplay.framework/Versions/A/DSExternalDisplay
0x00007fff2bd00000 	/System/Library/PrivateFrameworks/CMCaptureCore.framework/Versions/A/CMCaptureCore
0x00007fff2b627000 	/System/Library/PrivateFrameworks/AppServerSupport.framework/Versions/A/AppServerSupport
0x00007fff2d6cd000 	/System/Library/PrivateFrameworks/perfdata.framework/Versions/A/perfdata
0x00007fff29c03000 	/System/Library/PrivateFrameworks/AssertionServices.framework/Versions/A/AssertionServices
0x00007fff216c8000 	/System/Library/PrivateFrameworks/AudioToolboxCore.framework/Versions/A/AudioToolboxCore
0x00007fff283ec000 	/System/Library/PrivateFrameworks/caulk.framework/Versions/A/caulk
0x00007fff3c967000 	/System/Library/PrivateFrameworks/SystemPolicy.framework/Versions/A/SystemPolicy
0x00007fff2ae38000 	/usr/lib/libIOReport.dylib
0x00007fff2ceef000 	/usr/lib/libSMC.dylib
0x00007fff2bbc0000 	/usr/lib/libAudioToolboxUtility.dylib
0x00007fff3d2cc000 	/usr/lib/libmis.dylib
0x00007fff6b404000 	/System/Library/Frameworks/OpenGL.framework/Versions/A/Libraries/libGLU.dylib
0x00007fff6b3c7000 	/System/Library/Frameworks/OpenGL.framework/Versions/A/Libraries/libGFXShared.dylib
0x00007fff6b5d6000 	/System/Library/Frameworks/OpenGL.framework/Versions/A/Libraries/libGL.dylib
0x00007fff6b3d0000 	/System/Library/Frameworks/OpenGL.framework/Versions/A/Libraries/libGLImage.dylib
0x00007fff6b3c4000 	/System/Library/Frameworks/OpenGL.framework/Versions/A/Libraries/libCVMSPluginSupport.dylib
0x00007fff6b3af000 	/System/Library/Frameworks/OpenGL.framework/Versions/A/Libraries/libCoreVMClient.dylib
0x00007fff6ca17000 	/System/Library/Frameworks/OpenCL.framework/Versions/A/OpenCL
0x00007fff2b1b1000 	/System/Library/PrivateFrameworks/GraphVisualizer.framework/Versions/A/GraphVisualizer
0x00007fff2b1c0000 	/System/Library/PrivateFrameworks/FaceCore.framework/Versions/A/FaceCore
0x00007fff2b5dc000 	/System/Library/PrivateFrameworks/OTSVG.framework/Versions/A/OTSVG
0x00007fff26e5d000 	/System/Library/Frameworks/ApplicationServices.framework/Versions/A/Frameworks/ATS.framework/Versions/A/Resources/libFontRegistry.dylib
0x00007fff2b62e000 	/System/Library/PrivateFrameworks/FontServices.framework/libhvf.dylib
0x00007fff2afee000 	/System/Library/PrivateFrameworks/AppleVA.framework/Versions/A/AppleVA
0x00007fff2cd38000 	/System/Library/Frameworks/ApplicationServices.framework/Versions/A/Frameworks/ATS.framework/Versions/A/ATS
0x00007fff2d04a000 	/System/Library/Frameworks/ApplicationServices.framework/Versions/A/Frameworks/ColorSyncLegacy.framework/Versions/A/ColorSyncLegacy
0x00007fff25672000 	/System/Library/Frameworks/ApplicationServices.framework/Versions/A/Frameworks/HIServices.framework/Versions/A/HIServices
0x00007fff2d02f000 	/System/Library/Frameworks/ApplicationServices.framework/Versions/A/Frameworks/LangAnalysis.framework/Versions/A/LangAnalysis
0x00007fff2bd0a000 	/System/Library/Frameworks/ApplicationServices.framework/Versions/A/Frameworks/PrintCore.framework/Versions/A/PrintCore
0x00007fff2d052000 	/System/Library/Frameworks/ApplicationServices.framework/Versions/A/Frameworks/QD.framework/Versions/A/QD
0x00007fff2cd28000 	/System/Library/Frameworks/ApplicationServices.framework/Versions/A/Frameworks/SpeechSynthesis.framework/Versions/A/SpeechSynthesis
0x00007fff2bccb000 	/System/Library/Frameworks/ApplicationServices.framework/Versions/A/Frameworks/ATSUI.framework/Versions/A/ATSUI
0x00007fff2cfcf000 	/usr/lib/libcups.2.dylib
0x00007fff2d03f000 	/System/Library/PrivateFrameworks/NetAuth.framework/Versions/A/NetAuth
0x00007fff2d6e9000 	/System/Library/Frameworks/Kerberos.framework/Versions/A/Kerberos
0x00007fff2d6f9000 	/System/Library/Frameworks/GSS.framework/Versions/A/GSS
0x00007fff2cda4000 	/usr/lib/libresolv.9.dylib
0x00007fff2b643000 	/System/Library/PrivateFrameworks/Heimdal.framework/Versions/A/Heimdal
0x00007fff33460000 	/System/Library/Frameworks/Kerberos.framework/Versions/A/Libraries/libHeimdalProxy.dylib
0x00007fff26257000 	/System/Library/Frameworks/Network.framework/Versions/A/Network
0x00007fff2b05c000 	/usr/lib/libheimdal-asn1.dylib
0x00007fff2d749000 	/System/Library/PrivateFrameworks/CommonAuth.framework/Versions/A/CommonAuth
0x00007fff272b3000 	/System/Library/PrivateFrameworks/login.framework/Versions/A/Frameworks/loginsupport.framework/Versions/A/loginsupport
0x00007fff2ccad000 	/System/Library/PrivateFrameworks/AudioSession.framework/Versions/A/AudioSession
0x00007fff2cd15000 	/usr/lib/libAudioStatistics.dylib
0x00007fff2b0e9000 	/System/Library/PrivateFrameworks/MediaExperience.framework/Versions/A/MediaExperience
0x00007fff2cb4b000 	/System/Library/PrivateFrameworks/AudioSession.framework/libSessionUtility.dylib
0x00007fff2d6da000 	/usr/lib/libperfcheck.dylib
0x00007fff2d05e000 	/System/Library/PrivateFrameworks/AudioResourceArbitration.framework/Versions/A/AudioResourceArbitration
0x00007fff2b066000 	/System/Library/PrivateFrameworks/IconFoundation.framework/Versions/A/IconFoundation
0x00007fff2fb6f000 	/System/Library/PrivateFrameworks/SpeechRecognitionCore.framework/Versions/A/SpeechRecognitionCore
0x00007fff57bb7000 	/System/Library/CoreServices/Encodings/libJapaneseConverter.dylib
0x0000000105800000 	/Library/Java/JavaVirtualMachines/adoptopenjdk-8.jdk/Contents/Home/jre/lib/server/libjvm.dylib
0x00007fff78a95000 	/usr/lib/libstdc++.6.dylib
0x0000000101428000 	/Library/Java/JavaVirtualMachines/adoptopenjdk-8.jdk/Contents/Home/jre/lib/libverify.dylib
0x0000000101437000 	/Library/Java/JavaVirtualMachines/adoptopenjdk-8.jdk/Contents/Home/jre/lib/libjava.dylib
0x00000001014b9000 	/Library/Java/JavaVirtualMachines/adoptopenjdk-8.jdk/Contents/Home/jre/lib/libzip.dylib
0x0000000101713000 	/Library/Java/JavaVirtualMachines/adoptopenjdk-8.jdk/Contents/Home/jre/lib/libawt.dylib
0x000000010a112000 	/Library/Java/JavaVirtualMachines/adoptopenjdk-8.jdk/Contents/Home/jre/lib/libmlib_image.dylib
0x00007fff6e43b000 	/System/Library/Frameworks/JavaNativeFoundation.framework/Versions/A/JavaNativeFoundation
0x00007fff6e447000 	/System/Library/Frameworks/JavaRuntimeSupport.framework/Versions/A/JavaRuntimeSupport
0x00007fff3c6e9000 	/System/Library/Frameworks/Carbon.framework/Versions/A/Carbon
0x00007fff31b4f000 	/System/Library/PrivateFrameworks/CoreSymbolication.framework/Versions/A/CoreSymbolication
0x00007fff3634f000 	/System/Library/Frameworks/Carbon.framework/Versions/A/Frameworks/CommonPanels.framework/Versions/A/CommonPanels
0x00007fff32f1f000 	/System/Library/Frameworks/Carbon.framework/Versions/A/Frameworks/Help.framework/Versions/A/Help
0x00007fff36353000 	/System/Library/Frameworks/Carbon.framework/Versions/A/Frameworks/ImageCapture.framework/Versions/A/ImageCapture
0x00007fff3632b000 	/System/Library/Frameworks/Carbon.framework/Versions/A/Frameworks/OpenScripting.framework/Versions/A/OpenScripting
0x00007fff3634b000 	/System/Library/Frameworks/Carbon.framework/Versions/A/Frameworks/Ink.framework/Versions/A/Ink
0x00007fff3c6e5000 	/System/Library/Frameworks/Carbon.framework/Versions/A/Frameworks/Print.framework/Versions/A/Print
0x00007fff36347000 	/System/Library/Frameworks/Carbon.framework/Versions/A/Frameworks/SecurityHI.framework/Versions/A/SecurityHI
0x00007fff31b12000 	/System/Library/PrivateFrameworks/DebugSymbols.framework/Versions/A/DebugSymbols
0x000000010a1e2000 	/Library/Java/JavaVirtualMachines/adoptopenjdk-8.jdk/Contents/Home/jre/lib/libawt_lwawt.dylib
0x00000001017bf000 	/Library/Java/JavaVirtualMachines/adoptopenjdk-8.jdk/Contents/Home/jre/lib/libosxapp.dylib
0x00007fff3bd71000 	/System/Library/Frameworks/ExceptionHandling.framework/Versions/A/ExceptionHandling
0x00007fff22a70000 	/System/Library/PrivateFrameworks/CoreServicesInternal.framework/Versions/A/CoreServicesInternal
0x00007fff31075000 	/System/Library/Frameworks/FileProvider.framework/Versions/A/FileProvider
0x00007fff2606e000 	/System/Library/Frameworks/Accounts.framework/Versions/A/Accounts
0x00007fff31196000 	/System/Library/PrivateFrameworks/GenerationalStorage.framework/Versions/A/GenerationalStorage
0x00007fff30a94000 	/System/Library/PrivateFrameworks/SymptomDiagnosticReporter.framework/Versions/A/SymptomDiagnosticReporter
0x00007fff2e386000 	/System/Library/PrivateFrameworks/AppContainer.framework/Versions/A/AppContainer
0x00007fff23bb4000 	/System/Library/PrivateFrameworks/DesktopServicesPriv.framework/Versions/A/DesktopServicesPriv
0x00007fff22ba4000 	/usr/lib/libsandbox.1.dylib
0x00007fff272df000 	/System/Library/PrivateFrameworks/UserManagement.framework/Versions/A/UserManagement
0x00007fff29be0000 	/System/Library/PrivateFrameworks/MobileKeyBag.framework/Versions/A/MobileKeyBag
0x00007fff344cb000 	/System/Library/PrivateFrameworks/ChunkingLibrary.framework/Versions/A/ChunkingLibrary
0x00007fff2e39b000 	/System/Library/PrivateFrameworks/SecCodeWrapper.framework/Versions/A/SecCodeWrapper
0x00007fff2ae40000 	/System/Library/PrivateFrameworks/CrashReporterSupport.framework/Versions/A/CrashReporterSupport
0x00007fff47767000 	/System/Library/PrivateFrameworks/OSAnalytics.framework/Versions/A/OSAnalytics
0x00007fff78381000 	/usr/lib/libRosetta.dylib
0x00007fff32eb0000 	/System/Library/PrivateFrameworks/RemoteServiceDiscovery.framework/Versions/A/RemoteServiceDiscovery
0x00007fff51237000 	/System/Library/PrivateFrameworks/Symbolication.framework/Versions/A/Symbolication
0x00007fff32ec0000 	/System/Library/PrivateFrameworks/RemoteXPC.framework/Versions/A/RemoteXPC
0x00007fff391b5000 	/System/Library/PrivateFrameworks/OSAServicesClient.framework/Versions/A/OSAServicesClient
0x00007fff3d2ab000 	/System/Library/PrivateFrameworks/MallocStackLogging.framework/Versions/A/MallocStackLogging
0x00007fff2e11e000 	/System/Library/PrivateFrameworks/Sharing.framework/Versions/A/Sharing
0x00007fff32a8d000 	/System/Library/PrivateFrameworks/Apple80211.framework/Versions/A/Apple80211
0x00007fff2a264000 	/System/Library/PrivateFrameworks/AuthKit.framework/Versions/A/AuthKit
0x00007fff299e0000 	/System/Library/PrivateFrameworks/CoreUtils.framework/Versions/A/CoreUtils
0x00007fff2990d000 	/System/Library/Frameworks/CoreWLAN.framework/Versions/A/CoreWLAN
0x00007fff2e265000 	/System/Library/Frameworks/IOBluetooth.framework/Versions/A/IOBluetooth
0x00007fff32af1000 	/System/Library/PrivateFrameworks/CoreWiFi.framework/Versions/A/CoreWiFi
0x00007fff2d7cf000 	/System/Library/PrivateFrameworks/CorePhoneNumbers.framework/Versions/A/CorePhoneNumbers
0x00007fff30b9c000 	/System/Library/PrivateFrameworks/DiskManagement.framework/Versions/A/DiskManagement
0x00007fff30ab2000 	/System/Library/PrivateFrameworks/AppleIDAuthSupport.framework/Versions/A/AppleIDAuthSupport
0x00007fff2d7ac000 	/System/Library/PrivateFrameworks/KeychainCircle.framework/Versions/A/KeychainCircle
0x00007fff30b68000 	/System/Library/PrivateFrameworks/MediaKit.framework/Versions/A/MediaKit
0x00007fff30abf000 	/System/Library/Frameworks/DiscRecording.framework/Versions/A/DiscRecording
0x00007fff2af62000 	/usr/lib/libCoreStorage.dylib
0x00007fff32f2b000 	/usr/lib/libcsfde.dylib
0x00007fff2e39f000 	/System/Library/PrivateFrameworks/ProtectedCloudStorage.framework/Versions/A/ProtectedCloudStorage
0x00007fff32f23000 	/System/Library/PrivateFrameworks/EFILogin.framework/Versions/A/EFILogin
0x00007fff33513000 	/System/Library/Frameworks/AudioUnit.framework/Versions/A/AudioUnit
0x00007fff309fe000 	/System/Library/Frameworks/CoreBluetooth.framework/Versions/A/CoreBluetooth
0x00007fff2af5a000 	/usr/lib/libMatch.1.dylib
0x00007fff43489000 	/System/Library/CoreServices/RawCamera.bundle/Contents/MacOS/RawCamera
0x00007fff2d75a000 	/System/Library/PrivateFrameworks/MobileAsset.framework/Versions/A/MobileAsset
0x00007fff33538000 	/System/Library/PrivateFrameworks/StreamingZip.framework/Versions/A/StreamingZip
0x00007fff2bf03000 	/System/Library/Frameworks/MediaToolbox.framework/Versions/A/MediaToolbox
0x00007fff31047000 	/System/Library/PrivateFrameworks/CoreAVCHD.framework/Versions/A/CoreAVCHD
0x00007fff301db000 	/System/Library/Frameworks/MediaAccessibility.framework/Versions/A/MediaAccessibility
0x00007fff31043000 	/System/Library/PrivateFrameworks/Mangrove.framework/Versions/A/Mangrove
0x00007fff301e7000 	/System/Library/PrivateFrameworks/AlgosScoreFramework.framework/Versions/A/AlgosScoreFramework
0x00007fff31a02000 	/System/Library/PrivateFrameworks/AppleVPA.framework/Versions/A/AppleVPA
0x00007fff30c88000 	/System/Library/PrivateFrameworks/CoreAUC.framework/Versions/A/CoreAUC
0x00007fff40e80000 	/System/Library/Frameworks/Accelerate.framework/Versions/A/Frameworks/vImage.framework/Versions/A/Libraries/libCGInterfaces.dylib
0x000000010c39b000 	/usr/lib/libobjc-trampolines.dylib
0x00007fff35337000 	/System/Library/PrivateFrameworks/FamilyControls.framework/Versions/A/FamilyControls
0x00007fff3535b000 	/System/Library/PrivateFrameworks/CommerceKit.framework/Versions/A/Frameworks/CommerceCore.framework/Versions/A/CommerceCore
0x00007fff30218000 	/System/Library/PrivateFrameworks/SystemAdministration.framework/Versions/A/SystemAdministration
0x00007fff2fb37000 	/System/Library/Frameworks/DirectoryService.framework/Versions/A/DirectoryService
0x00007fff32dc9000 	/System/Library/PrivateFrameworks/DiskImages.framework/Versions/A/DiskImages
0x00007fff32f9d000 	/System/Library/PrivateFrameworks/LoginUIKit.framework/Versions/A/Frameworks/LoginUICore.framework/Versions/A/LoginUICore
0x00007fff2b89d000 	/usr/lib/libodfde.dylib
0x00007fff32f37000 	/usr/lib/libcurl.4.dylib
0x00007fff32c97000 	/usr/lib/libcrypto.44.dylib
0x00007fff32d9b000 	/usr/lib/libssl.46.dylib
0x00007fff32c5d000 	/System/Library/Frameworks/LDAP.framework/Versions/A/LDAP
0x00007fff32c95000 	/System/Library/PrivateFrameworks/TrustEvaluationAgent.framework/Versions/A/TrustEvaluationAgent
0x00007fff2cdbd000 	/usr/lib/libsasl2.2.dylib
0x00007fff3020c000 	/System/Library/PrivateFrameworks/CoreDaemon.framework/Versions/B/CoreDaemon
0x00007fff30207000 	/System/Library/PrivateFrameworks/AppleSRP.framework/Versions/A/AppleSRP
0x00007fff26fe1000 	/System/Library/PrivateFrameworks/ViewBridge.framework/Versions/A/ViewBridge
0x00007fff2b704000 	/System/Library/PrivateFrameworks/login.framework/Versions/A/login
0x0000000125d62000 	/Library/Java/JavaVirtualMachines/adoptopenjdk-8.jdk/Contents/Home/jre/lib/libfontmanager.dylib
0x0000000125dce000 	/Library/Java/JavaVirtualMachines/adoptopenjdk-8.jdk/Contents/Home/jre/lib/libfreetype.6.dylib
0x000000010d97f000 	/Library/Java/JavaVirtualMachines/adoptopenjdk-8.jdk/Contents/Home/jre/lib/libosxui.dylib
0x00007fff6b5e1000 	/System/Library/Frameworks/OpenGL.framework/Versions/A/Resources/GLEngine.bundle/GLEngine
0x00007fff6b441000 	/System/Library/Frameworks/OpenGL.framework/Versions/A/Libraries/libGLProgrammability.dylib
0x00007fff5e665000 	/System/Library/Extensions/AppleIntelKBLGraphicsGLDriver.bundle/Contents/MacOS/AppleIntelKBLGraphicsGLDriver
0x00007fff4610a000 	/System/Library/PrivateFrameworks/GPUSupport.framework/Versions/A/Libraries/libGPUSupportMercury.dylib
0x00007fff6b75d000 	/System/Library/Frameworks/OpenGL.framework/Versions/A/Resources/GLRendererFloat.bundle/GLRendererFloat

VM Arguments:
java_command: /Users/satoshi/bin/jakld/jakld.jar
java_class_path (initial): /Users/satoshi/bin/jakld/jakld.jar
Launcher Type: SUN_STANDARD

Environment Variables:
JAVA_HOME=/Library/Java/JavaVirtualMachines/adoptopenjdk-8.jdk/Contents/Home
CLASSPATH=.:/Users/satoshi/lib/antlr-4.7.1-complete.jar:.:/Users/satoshi/lib/antlr-4.7.1-complete.jar:
PATH=/Users/satoshi/gh/postgres/build/bin:/Users/satoshi/.cargo/bin:/Users/satoshi/bin:/Library/Java/JavaVirtualMachines/adoptopenjdk-8.jdk/Contents/Home/bin:/usr/local/bin:/usr/bin:/bin:/usr/sbin:/sbin:/Library/TeX/texbin:/opt/X11/bin:/Library/Apple/usr/bin:/Users/satoshi/gh/postgres/build/bin:/Users/satoshi/.cargo/bin:/Users/satoshi/bin:/Library/Java/JavaVirtualMachines/adoptopenjdk-8.jdk/Contents/Home/bin:/Users/satoshi/bin/flutter/bin:/Users/satoshi/bin/flutter/bin
SHELL=/bin/bash
DISPLAY=/private/tmp/com.apple.launchd.A9nVAtbbET/org.macosforge.xquartz:0

Signal Handlers:
SIGSEGV: [libjvm.dylib+0x58618b], sa_mask[0]=11111111011111110111111111111111, sa_flags=SA_ONSTACK|SA_RESTART|SA_SIGINFO
SIGBUS: [libjvm.dylib+0x58618b], sa_mask[0]=11111111011111110111111111111111, sa_flags=SA_RESTART|SA_SIGINFO
SIGFPE: [libjvm.dylib+0x4614ec], sa_mask[0]=11111111011111110111111111111111, sa_flags=SA_RESTART|SA_SIGINFO
SIGPIPE: [libjvm.dylib+0x4614ec], sa_mask[0]=11111111011111110111111111111111, sa_flags=SA_RESTART|SA_SIGINFO
SIGXFSZ: [libjvm.dylib+0x4614ec], sa_mask[0]=11111111011111110111111111111111, sa_flags=SA_RESTART|SA_SIGINFO
SIGILL: [libjvm.dylib+0x4614ec], sa_mask[0]=11111111011111110111111111111111, sa_flags=SA_RESTART|SA_SIGINFO
SIGUSR1: SIG_DFL, sa_mask[0]=11011111011111100000000111000110, sa_flags=none
SIGUSR2: [libjvm.dylib+0x46100a], sa_mask[0]=00000000000000000000000000000000, sa_flags=SA_RESTART|SA_SIGINFO
SIGHUP: [libjvm.dylib+0x45f595], sa_mask[0]=11111111011111110111111111111111, sa_flags=SA_RESTART|SA_SIGINFO
SIGINT: [libjvm.dylib+0x45f595], sa_mask[0]=11111111011111110111111111111111, sa_flags=SA_RESTART|SA_SIGINFO
SIGTERM: [libjvm.dylib+0x45f595], sa_mask[0]=11111111011111110111111111111111, sa_flags=SA_RESTART|SA_SIGINFO
SIGQUIT: [libjvm.dylib+0x45f595], sa_mask[0]=11111111011111110111111111111111, sa_flags=SA_RESTART|SA_SIGINFO


---------------  S Y S T E M  ---------------

OS:Bsduname:Darwin 20.1.0 Darwin Kernel Version 20.1.0: Sat Oct 31 00:07:11 PDT 2020; root:xnu-7195.50.7~2/RELEASE_X86_64 x86_64
rlimit: STACK 8192k, CORE 0k, NPROC 2784, NOFILE 10240, AS infinity
load average:4.86 4.73 4.50

CPU:total 8 (initial active 8) (4 cores per cpu, 2 threads per core) family 6 model 142 stepping 10, cmov, cx8, fxsr, mmx, sse, sse2, sse3, ssse3, sse4.1, sse4.2, popcnt, avx, avx2, aes, clmul, erms, 3dnowpref, lzcnt, ht, tsc, tscinvbit, bmi1, bmi2, adx

Memory: 4k page, physical 16777216k(197668k free)

/proc/meminfo:


vm_info: OpenJDK 64-Bit Server VM (25.222-b10) for bsd-amd64 JRE (1.8.0_222-b10), built on Jul 17 2019 01:08:37 by "jenkins" with gcc 4.2.1 (Based on Apple Inc. build 5658) (LLVM build 2336.11.00)

time: Sat Dec  5 16:35:40 2020
timezone: JST
elapsed time: 494814 seconds (5d 17h 26m 54s)

